2022-06-13T04:17:33+00:00	fluent.info	{"worker":0,"message":"fluentd worker is now running worker=0"}
2022-06-13T04:18:33+00:00	fluent.warn	{"retry_time":0,"next_retry_seconds":"2022-06-13 04:18:34 +0000","chunk":"5e14c9136f609935a9ffc64dcfa8da23","error":"#<Mongo::Auth::Unauthorized: User root is not authorized to access admin.>","message":"failed to flush the buffer. retry_time=0 next_retry_seconds=2022-06-13 04:18:34 +0000 chunk=\"5e14c9136f609935a9ffc64dcfa8da23\" error_class=Mongo::Auth::Unauthorized error=\"User root is not authorized to access admin.\""}
2022-06-13T04:18:34+00:00	fluent.warn	{"retry_time":1,"next_retry_seconds":"2022-06-13 04:18:35 +0000","chunk":"5e14c9136f609935a9ffc64dcfa8da23","error":"#<Mongo::Auth::Unauthorized: User root is not authorized to access admin.>","message":"failed to flush the buffer. retry_time=1 next_retry_seconds=2022-06-13 04:18:35 +0000 chunk=\"5e14c9136f609935a9ffc64dcfa8da23\" error_class=Mongo::Auth::Unauthorized error=\"User root is not authorized to access admin.\""}
2022-06-13T04:18:35+00:00	fluent.warn	{"retry_time":2,"next_retry_seconds":"2022-06-13 04:18:37 +0000","chunk":"5e14c9136f609935a9ffc64dcfa8da23","error":"#<Mongo::Auth::Unauthorized: User root is not authorized to access admin.>","message":"failed to flush the buffer. retry_time=2 next_retry_seconds=2022-06-13 04:18:37 +0000 chunk=\"5e14c9136f609935a9ffc64dcfa8da23\" error_class=Mongo::Auth::Unauthorized error=\"User root is not authorized to access admin.\""}
2022-06-13T04:18:37+00:00	fluent.warn	{"retry_time":3,"next_retry_seconds":"2022-06-13 04:18:41 +0000","chunk":"5e14c9136f609935a9ffc64dcfa8da23","error":"#<Mongo::Auth::Unauthorized: User root is not authorized to access admin.>","message":"failed to flush the buffer. retry_time=3 next_retry_seconds=2022-06-13 04:18:41 +0000 chunk=\"5e14c9136f609935a9ffc64dcfa8da23\" error_class=Mongo::Auth::Unauthorized error=\"User root is not authorized to access admin.\""}
2022-06-13T04:18:41+00:00	fluent.warn	{"retry_time":4,"next_retry_seconds":"2022-06-13 04:18:49 +0000","chunk":"5e14c9136f609935a9ffc64dcfa8da23","error":"#<Mongo::Auth::Unauthorized: User root is not authorized to access admin.>","message":"failed to flush the buffer. retry_time=4 next_retry_seconds=2022-06-13 04:18:49 +0000 chunk=\"5e14c9136f609935a9ffc64dcfa8da23\" error_class=Mongo::Auth::Unauthorized error=\"User root is not authorized to access admin.\""}
2022-06-13T04:18:49+00:00	fluent.warn	{"retry_time":5,"next_retry_seconds":"2022-06-13 04:19:04 +0000","chunk":"5e14c9136f609935a9ffc64dcfa8da23","error":"#<Mongo::Auth::Unauthorized: User root is not authorized to access admin.>","message":"failed to flush the buffer. retry_time=5 next_retry_seconds=2022-06-13 04:19:04 +0000 chunk=\"5e14c9136f609935a9ffc64dcfa8da23\" error_class=Mongo::Auth::Unauthorized error=\"User root is not authorized to access admin.\""}
2022-06-13T04:18:57+00:00	fluent.info	{"worker":0,"message":"fluentd worker is now running worker=0"}
2022-06-13T04:22:43+00:00	fluent.info	{"worker":0,"message":"fluentd worker is now running worker=0"}
2022-06-13T04:44:34+00:00	fluent.info	{"worker":0,"message":"fluentd worker is now stopping worker=0"}
2022-06-13T04:45:01+00:00	fluent.info	{"worker":0,"message":"fluentd worker is now running worker=0"}
2022-06-13T04:46:15+00:00	fluent.info	{"worker":0,"message":"fluentd worker is now running worker=0"}
2022-06-13T04:46:14+00:00	nginx.hello0	{"container_name":"/mfk-stack-ver0.0.1-nginx_d","source":"stdout","log":"/docker-entrypoint.sh: /docker-entrypoint.d/ is not empty, will attempt to perform configuration","container_id":"8d885da13120dbff3dacd6b66d1663004fc259d97f2796f1cf16075a43878d7c"}
2022-06-13T04:46:14+00:00	nginx.hello0	{"container_id":"8d885da13120dbff3dacd6b66d1663004fc259d97f2796f1cf16075a43878d7c","container_name":"/mfk-stack-ver0.0.1-nginx_d","source":"stdout","log":"/docker-entrypoint.sh: Looking for shell scripts in /docker-entrypoint.d/"}
2022-06-13T04:46:14+00:00	nginx.hello0	{"container_id":"8d885da13120dbff3dacd6b66d1663004fc259d97f2796f1cf16075a43878d7c","container_name":"/mfk-stack-ver0.0.1-nginx_d","source":"stdout","log":"/docker-entrypoint.sh: Launching /docker-entrypoint.d/10-listen-on-ipv6-by-default.sh"}
2022-06-13T04:46:14+00:00	nginx.hello0	{"container_id":"8d885da13120dbff3dacd6b66d1663004fc259d97f2796f1cf16075a43878d7c","container_name":"/mfk-stack-ver0.0.1-nginx_d","source":"stdout","log":"10-listen-on-ipv6-by-default.sh: info: Getting the checksum of /etc/nginx/conf.d/default.conf"}
2022-06-13T04:46:14+00:00	nginx.hello0	{"container_name":"/mfk-stack-ver0.0.1-nginx_d","source":"stdout","log":"10-listen-on-ipv6-by-default.sh: info: Enabled listen on IPv6 in /etc/nginx/conf.d/default.conf","container_id":"8d885da13120dbff3dacd6b66d1663004fc259d97f2796f1cf16075a43878d7c"}
2022-06-13T04:46:14+00:00	nginx.hello0	{"container_id":"8d885da13120dbff3dacd6b66d1663004fc259d97f2796f1cf16075a43878d7c","container_name":"/mfk-stack-ver0.0.1-nginx_d","source":"stdout","log":"/docker-entrypoint.sh: Launching /docker-entrypoint.d/20-envsubst-on-templates.sh"}
2022-06-13T04:46:14+00:00	nginx.hello0	{"container_id":"8d885da13120dbff3dacd6b66d1663004fc259d97f2796f1cf16075a43878d7c","container_name":"/mfk-stack-ver0.0.1-nginx_d","source":"stdout","log":"/docker-entrypoint.sh: Launching /docker-entrypoint.d/30-tune-worker-processes.sh"}
2022-06-13T04:46:14+00:00	nginx.hello0	{"log":"/docker-entrypoint.sh: Configuration complete; ready for start up","container_id":"8d885da13120dbff3dacd6b66d1663004fc259d97f2796f1cf16075a43878d7c","container_name":"/mfk-stack-ver0.0.1-nginx_d","source":"stdout"}
2022-06-13T04:46:14+00:00	nginx.hello0	{"container_id":"8d885da13120dbff3dacd6b66d1663004fc259d97f2796f1cf16075a43878d7c","container_name":"/mfk-stack-ver0.0.1-nginx_d","source":"stderr","log":"2022/06/13 04:46:14 [notice] 1#1: using the \"epoll\" event method"}
2022-06-13T04:46:14+00:00	nginx.hello0	{"container_id":"8d885da13120dbff3dacd6b66d1663004fc259d97f2796f1cf16075a43878d7c","container_name":"/mfk-stack-ver0.0.1-nginx_d","source":"stderr","log":"2022/06/13 04:46:14 [notice] 1#1: nginx/1.21.6"}
2022-06-13T04:46:14+00:00	nginx.hello0	{"container_id":"8d885da13120dbff3dacd6b66d1663004fc259d97f2796f1cf16075a43878d7c","container_name":"/mfk-stack-ver0.0.1-nginx_d","source":"stderr","log":"2022/06/13 04:46:14 [notice] 1#1: built by gcc 10.2.1 20210110 (Debian 10.2.1-6) "}
2022-06-13T04:46:14+00:00	nginx.hello0	{"container_id":"8d885da13120dbff3dacd6b66d1663004fc259d97f2796f1cf16075a43878d7c","container_name":"/mfk-stack-ver0.0.1-nginx_d","source":"stderr","log":"2022/06/13 04:46:14 [notice] 1#1: OS: Linux 5.10.104-linuxkit"}
2022-06-13T04:46:14+00:00	nginx.hello0	{"container_name":"/mfk-stack-ver0.0.1-nginx_d","source":"stderr","log":"2022/06/13 04:46:14 [notice] 1#1: getrlimit(RLIMIT_NOFILE): 1048576:1048576","container_id":"8d885da13120dbff3dacd6b66d1663004fc259d97f2796f1cf16075a43878d7c"}
2022-06-13T04:46:14+00:00	nginx.hello0	{"container_id":"8d885da13120dbff3dacd6b66d1663004fc259d97f2796f1cf16075a43878d7c","container_name":"/mfk-stack-ver0.0.1-nginx_d","source":"stderr","log":"2022/06/13 04:46:14 [notice] 1#1: start worker processes"}
2022-06-13T04:46:14+00:00	nginx.hello0	{"source":"stderr","log":"2022/06/13 04:46:14 [notice] 1#1: start worker process 32","container_id":"8d885da13120dbff3dacd6b66d1663004fc259d97f2796f1cf16075a43878d7c","container_name":"/mfk-stack-ver0.0.1-nginx_d"}
2022-06-13T04:46:14+00:00	nginx.hello0	{"container_id":"8d885da13120dbff3dacd6b66d1663004fc259d97f2796f1cf16075a43878d7c","container_name":"/mfk-stack-ver0.0.1-nginx_d","source":"stderr","log":"2022/06/13 04:46:14 [notice] 1#1: start worker process 33"}
2022-06-13T04:46:14+00:00	nginx.hello0	{"source":"stderr","log":"2022/06/13 04:46:14 [notice] 1#1: start worker process 34","container_id":"8d885da13120dbff3dacd6b66d1663004fc259d97f2796f1cf16075a43878d7c","container_name":"/mfk-stack-ver0.0.1-nginx_d"}
2022-06-13T04:46:14+00:00	nginx.hello0	{"container_id":"8d885da13120dbff3dacd6b66d1663004fc259d97f2796f1cf16075a43878d7c","container_name":"/mfk-stack-ver0.0.1-nginx_d","source":"stderr","log":"2022/06/13 04:46:14 [notice] 1#1: start worker process 35"}
2022-06-13T04:46:25+00:00	nginx.hello0	{"container_id":"8d885da13120dbff3dacd6b66d1663004fc259d97f2796f1cf16075a43878d7c","container_name":"/mfk-stack-ver0.0.1-nginx_d","source":"stdout","log":"13.254.249.1 - - [13/Jun/2022:04:46:25 +0000] \"GET / HTTP/1.1\" 304 0 \"-\" \"Mozilla/5.0 (Macintosh; Intel Mac OS X 10_15_7) AppleWebKit/537.36 (KHTML, like Gecko) Chrome/102.0.5005.61 Safari/537.36\" \"-\""}
2022-06-13T04:46:25+00:00	nginx.hello0	{"source":"stdout","log":"13.254.249.1 - - [13/Jun/2022:04:46:25 +0000] \"GET / HTTP/1.1\" 304 0 \"-\" \"Mozilla/5.0 (Macintosh; Intel Mac OS X 10_15_7) AppleWebKit/537.36 (KHTML, like Gecko) Chrome/102.0.5005.61 Safari/537.36\" \"-\"","container_id":"8d885da13120dbff3dacd6b66d1663004fc259d97f2796f1cf16075a43878d7c","container_name":"/mfk-stack-ver0.0.1-nginx_d"}
2022-06-13T04:47:24+00:00	nginx.hello0	{"container_id":"8d885da13120dbff3dacd6b66d1663004fc259d97f2796f1cf16075a43878d7c","container_name":"/mfk-stack-ver0.0.1-nginx_d","source":"stderr","log":"2022/06/13 04:47:24 [notice] 1#1: signal 3 (SIGQUIT) received, shutting down"}
2022-06-13T04:47:24+00:00	nginx.hello0	{"log":"2022/06/13 04:47:24 [notice] 32#32: gracefully shutting down","container_id":"8d885da13120dbff3dacd6b66d1663004fc259d97f2796f1cf16075a43878d7c","container_name":"/mfk-stack-ver0.0.1-nginx_d","source":"stderr"}
2022-06-13T04:47:24+00:00	nginx.hello0	{"container_name":"/mfk-stack-ver0.0.1-nginx_d","source":"stderr","log":"2022/06/13 04:47:24 [notice] 33#33: gracefully shutting down","container_id":"8d885da13120dbff3dacd6b66d1663004fc259d97f2796f1cf16075a43878d7c"}
2022-06-13T04:47:24+00:00	nginx.hello0	{"log":"2022/06/13 04:47:24 [notice] 35#35: gracefully shutting down","container_id":"8d885da13120dbff3dacd6b66d1663004fc259d97f2796f1cf16075a43878d7c","container_name":"/mfk-stack-ver0.0.1-nginx_d","source":"stderr"}
2022-06-13T04:47:24+00:00	nginx.hello0	{"container_id":"8d885da13120dbff3dacd6b66d1663004fc259d97f2796f1cf16075a43878d7c","container_name":"/mfk-stack-ver0.0.1-nginx_d","source":"stderr","log":"2022/06/13 04:47:24 [notice] 35#35: exiting"}
2022-06-13T04:47:24+00:00	nginx.hello0	{"container_id":"8d885da13120dbff3dacd6b66d1663004fc259d97f2796f1cf16075a43878d7c","container_name":"/mfk-stack-ver0.0.1-nginx_d","source":"stderr","log":"2022/06/13 04:47:24 [notice] 35#35: exit"}
2022-06-13T04:47:24+00:00	nginx.hello0	{"container_name":"/mfk-stack-ver0.0.1-nginx_d","source":"stderr","log":"2022/06/13 04:47:24 [notice] 33#33: exiting","container_id":"8d885da13120dbff3dacd6b66d1663004fc259d97f2796f1cf16075a43878d7c"}
2022-06-13T04:47:24+00:00	nginx.hello0	{"log":"2022/06/13 04:47:24 [notice] 33#33: exit","container_id":"8d885da13120dbff3dacd6b66d1663004fc259d97f2796f1cf16075a43878d7c","container_name":"/mfk-stack-ver0.0.1-nginx_d","source":"stderr"}
2022-06-13T04:47:24+00:00	nginx.hello0	{"container_name":"/mfk-stack-ver0.0.1-nginx_d","source":"stderr","log":"2022/06/13 04:47:24 [notice] 34#34: gracefully shutting down","container_id":"8d885da13120dbff3dacd6b66d1663004fc259d97f2796f1cf16075a43878d7c"}
2022-06-13T04:47:24+00:00	nginx.hello0	{"container_id":"8d885da13120dbff3dacd6b66d1663004fc259d97f2796f1cf16075a43878d7c","container_name":"/mfk-stack-ver0.0.1-nginx_d","source":"stderr","log":"2022/06/13 04:47:24 [notice] 34#34: exiting"}
2022-06-13T04:47:24+00:00	nginx.hello0	{"container_id":"8d885da13120dbff3dacd6b66d1663004fc259d97f2796f1cf16075a43878d7c","container_name":"/mfk-stack-ver0.0.1-nginx_d","source":"stderr","log":"2022/06/13 04:47:24 [notice] 34#34: exit"}
2022-06-13T04:47:24+00:00	nginx.hello0	{"container_id":"8d885da13120dbff3dacd6b66d1663004fc259d97f2796f1cf16075a43878d7c","container_name":"/mfk-stack-ver0.0.1-nginx_d","source":"stderr","log":"2022/06/13 04:47:24 [notice] 1#1: signal 17 (SIGCHLD) received from 35"}
2022-06-13T04:47:24+00:00	nginx.hello0	{"container_id":"8d885da13120dbff3dacd6b66d1663004fc259d97f2796f1cf16075a43878d7c","container_name":"/mfk-stack-ver0.0.1-nginx_d","source":"stderr","log":"2022/06/13 04:47:24 [notice] 1#1: worker process 35 exited with code 0"}
2022-06-13T04:47:24+00:00	nginx.hello0	{"source":"stderr","log":"2022/06/13 04:47:24 [notice] 1#1: worker process 34 exited with code 0","container_id":"8d885da13120dbff3dacd6b66d1663004fc259d97f2796f1cf16075a43878d7c","container_name":"/mfk-stack-ver0.0.1-nginx_d"}
2022-06-13T04:47:24+00:00	nginx.hello0	{"source":"stderr","log":"2022/06/13 04:47:24 [notice] 1#1: signal 29 (SIGIO) received","container_id":"8d885da13120dbff3dacd6b66d1663004fc259d97f2796f1cf16075a43878d7c","container_name":"/mfk-stack-ver0.0.1-nginx_d"}
2022-06-13T04:47:24+00:00	nginx.hello0	{"container_id":"8d885da13120dbff3dacd6b66d1663004fc259d97f2796f1cf16075a43878d7c","container_name":"/mfk-stack-ver0.0.1-nginx_d","source":"stderr","log":"2022/06/13 04:47:24 [notice] 1#1: signal 17 (SIGCHLD) received from 34"}
2022-06-13T04:47:24+00:00	nginx.hello0	{"log":"2022/06/13 04:47:24 [notice] 1#1: signal 17 (SIGCHLD) received from 33","container_id":"8d885da13120dbff3dacd6b66d1663004fc259d97f2796f1cf16075a43878d7c","container_name":"/mfk-stack-ver0.0.1-nginx_d","source":"stderr"}
2022-06-13T04:47:24+00:00	nginx.hello0	{"source":"stderr","log":"2022/06/13 04:47:24 [notice] 1#1: worker process 33 exited with code 0","container_id":"8d885da13120dbff3dacd6b66d1663004fc259d97f2796f1cf16075a43878d7c","container_name":"/mfk-stack-ver0.0.1-nginx_d"}
2022-06-13T04:47:24+00:00	nginx.hello0	{"container_id":"8d885da13120dbff3dacd6b66d1663004fc259d97f2796f1cf16075a43878d7c","container_name":"/mfk-stack-ver0.0.1-nginx_d","source":"stderr","log":"2022/06/13 04:47:24 [notice] 1#1: signal 29 (SIGIO) received"}
2022-06-13T04:47:24+00:00	nginx.hello0	{"source":"stderr","log":"2022/06/13 04:47:24 [notice] 32#32: exiting","container_id":"8d885da13120dbff3dacd6b66d1663004fc259d97f2796f1cf16075a43878d7c","container_name":"/mfk-stack-ver0.0.1-nginx_d"}
2022-06-13T04:47:24+00:00	nginx.hello0	{"container_id":"8d885da13120dbff3dacd6b66d1663004fc259d97f2796f1cf16075a43878d7c","container_name":"/mfk-stack-ver0.0.1-nginx_d","source":"stderr","log":"2022/06/13 04:47:24 [notice] 32#32: exit"}
2022-06-13T04:47:24+00:00	nginx.hello0	{"container_id":"8d885da13120dbff3dacd6b66d1663004fc259d97f2796f1cf16075a43878d7c","container_name":"/mfk-stack-ver0.0.1-nginx_d","source":"stderr","log":"2022/06/13 04:47:24 [notice] 1#1: signal 17 (SIGCHLD) received from 32"}
2022-06-13T04:47:24+00:00	nginx.hello0	{"log":"2022/06/13 04:47:24 [notice] 1#1: worker process 32 exited with code 0","container_id":"8d885da13120dbff3dacd6b66d1663004fc259d97f2796f1cf16075a43878d7c","container_name":"/mfk-stack-ver0.0.1-nginx_d","source":"stderr"}
2022-06-13T04:47:24+00:00	nginx.hello0	{"container_name":"/mfk-stack-ver0.0.1-nginx_d","source":"stderr","log":"2022/06/13 04:47:24 [notice] 1#1: exit","container_id":"8d885da13120dbff3dacd6b66d1663004fc259d97f2796f1cf16075a43878d7c"}
2022-06-13T04:47:26+00:00	fluent.info	{"worker":0,"message":"fluentd worker is now stopping worker=0"}
2022-06-13T04:49:39+00:00	fluent.info	{"worker":0,"message":"fluentd worker is now running worker=0"}
2022-06-13T04:49:37+00:00	nginx.hello0	{"container_id":"8d885da13120dbff3dacd6b66d1663004fc259d97f2796f1cf16075a43878d7c","container_name":"/mfk-stack-ver0.0.1-nginx_d","source":"stdout","log":"/docker-entrypoint.sh: /docker-entrypoint.d/ is not empty, will attempt to perform configuration"}
2022-06-13T04:49:37+00:00	nginx.hello0	{"container_id":"8d885da13120dbff3dacd6b66d1663004fc259d97f2796f1cf16075a43878d7c","container_name":"/mfk-stack-ver0.0.1-nginx_d","source":"stdout","log":"/docker-entrypoint.sh: Looking for shell scripts in /docker-entrypoint.d/"}
2022-06-13T04:49:37+00:00	nginx.hello0	{"container_name":"/mfk-stack-ver0.0.1-nginx_d","source":"stdout","log":"/docker-entrypoint.sh: Launching /docker-entrypoint.d/10-listen-on-ipv6-by-default.sh","container_id":"8d885da13120dbff3dacd6b66d1663004fc259d97f2796f1cf16075a43878d7c"}
2022-06-13T04:49:37+00:00	nginx.hello0	{"container_id":"8d885da13120dbff3dacd6b66d1663004fc259d97f2796f1cf16075a43878d7c","container_name":"/mfk-stack-ver0.0.1-nginx_d","source":"stdout","log":"10-listen-on-ipv6-by-default.sh: info: IPv6 listen already enabled"}
2022-06-13T04:49:37+00:00	nginx.hello0	{"log":"/docker-entrypoint.sh: Launching /docker-entrypoint.d/20-envsubst-on-templates.sh","container_id":"8d885da13120dbff3dacd6b66d1663004fc259d97f2796f1cf16075a43878d7c","container_name":"/mfk-stack-ver0.0.1-nginx_d","source":"stdout"}
2022-06-13T04:49:37+00:00	nginx.hello0	{"container_name":"/mfk-stack-ver0.0.1-nginx_d","source":"stdout","log":"/docker-entrypoint.sh: Launching /docker-entrypoint.d/30-tune-worker-processes.sh","container_id":"8d885da13120dbff3dacd6b66d1663004fc259d97f2796f1cf16075a43878d7c"}
2022-06-13T04:49:37+00:00	nginx.hello0	{"container_id":"8d885da13120dbff3dacd6b66d1663004fc259d97f2796f1cf16075a43878d7c","container_name":"/mfk-stack-ver0.0.1-nginx_d","source":"stdout","log":"/docker-entrypoint.sh: Configuration complete; ready for start up"}
2022-06-13T04:49:37+00:00	nginx.hello0	{"container_id":"8d885da13120dbff3dacd6b66d1663004fc259d97f2796f1cf16075a43878d7c","container_name":"/mfk-stack-ver0.0.1-nginx_d","source":"stderr","log":"2022/06/13 04:49:37 [notice] 1#1: using the \"epoll\" event method"}
2022-06-13T04:49:37+00:00	nginx.hello0	{"container_id":"8d885da13120dbff3dacd6b66d1663004fc259d97f2796f1cf16075a43878d7c","container_name":"/mfk-stack-ver0.0.1-nginx_d","source":"stderr","log":"2022/06/13 04:49:37 [notice] 1#1: nginx/1.21.6"}
2022-06-13T04:49:37+00:00	nginx.hello0	{"container_id":"8d885da13120dbff3dacd6b66d1663004fc259d97f2796f1cf16075a43878d7c","container_name":"/mfk-stack-ver0.0.1-nginx_d","source":"stderr","log":"2022/06/13 04:49:37 [notice] 1#1: built by gcc 10.2.1 20210110 (Debian 10.2.1-6) "}
2022-06-13T04:49:37+00:00	nginx.hello0	{"source":"stderr","log":"2022/06/13 04:49:37 [notice] 1#1: OS: Linux 5.10.104-linuxkit","container_id":"8d885da13120dbff3dacd6b66d1663004fc259d97f2796f1cf16075a43878d7c","container_name":"/mfk-stack-ver0.0.1-nginx_d"}
2022-06-13T04:49:37+00:00	nginx.hello0	{"source":"stderr","log":"2022/06/13 04:49:37 [notice] 1#1: getrlimit(RLIMIT_NOFILE): 1048576:1048576","container_id":"8d885da13120dbff3dacd6b66d1663004fc259d97f2796f1cf16075a43878d7c","container_name":"/mfk-stack-ver0.0.1-nginx_d"}
2022-06-13T04:49:37+00:00	nginx.hello0	{"container_id":"8d885da13120dbff3dacd6b66d1663004fc259d97f2796f1cf16075a43878d7c","container_name":"/mfk-stack-ver0.0.1-nginx_d","source":"stderr","log":"2022/06/13 04:49:37 [notice] 1#1: start worker processes"}
2022-06-13T04:49:37+00:00	nginx.hello0	{"source":"stderr","log":"2022/06/13 04:49:37 [notice] 1#1: start worker process 25","container_id":"8d885da13120dbff3dacd6b66d1663004fc259d97f2796f1cf16075a43878d7c","container_name":"/mfk-stack-ver0.0.1-nginx_d"}
2022-06-13T04:49:37+00:00	nginx.hello0	{"log":"2022/06/13 04:49:37 [notice] 1#1: start worker process 26","container_id":"8d885da13120dbff3dacd6b66d1663004fc259d97f2796f1cf16075a43878d7c","container_name":"/mfk-stack-ver0.0.1-nginx_d","source":"stderr"}
2022-06-13T04:49:37+00:00	nginx.hello0	{"container_id":"8d885da13120dbff3dacd6b66d1663004fc259d97f2796f1cf16075a43878d7c","container_name":"/mfk-stack-ver0.0.1-nginx_d","source":"stderr","log":"2022/06/13 04:49:37 [notice] 1#1: start worker process 27"}
2022-06-13T04:49:37+00:00	nginx.hello0	{"container_id":"8d885da13120dbff3dacd6b66d1663004fc259d97f2796f1cf16075a43878d7c","container_name":"/mfk-stack-ver0.0.1-nginx_d","source":"stderr","log":"2022/06/13 04:49:37 [notice] 1#1: start worker process 28"}
2022-06-13T04:50:25+00:00	fluent.info	{"worker":0,"message":"fluentd worker is now running worker=0"}
2022-06-13T04:50:23+00:00	nginx.hello0	{"container_name":"/mfk-stack-ver0.0.1-nginx_d","source":"stdout","log":"/docker-entrypoint.sh: /docker-entrypoint.d/ is not empty, will attempt to perform configuration","container_id":"8d885da13120dbff3dacd6b66d1663004fc259d97f2796f1cf16075a43878d7c"}
2022-06-13T04:50:23+00:00	nginx.hello0	{"container_name":"/mfk-stack-ver0.0.1-nginx_d","source":"stdout","log":"/docker-entrypoint.sh: Looking for shell scripts in /docker-entrypoint.d/","container_id":"8d885da13120dbff3dacd6b66d1663004fc259d97f2796f1cf16075a43878d7c"}
2022-06-13T04:50:23+00:00	nginx.hello0	{"container_name":"/mfk-stack-ver0.0.1-nginx_d","source":"stdout","log":"/docker-entrypoint.sh: Launching /docker-entrypoint.d/10-listen-on-ipv6-by-default.sh","container_id":"8d885da13120dbff3dacd6b66d1663004fc259d97f2796f1cf16075a43878d7c"}
2022-06-13T04:50:23+00:00	nginx.hello0	{"container_name":"/mfk-stack-ver0.0.1-nginx_d","source":"stdout","log":"10-listen-on-ipv6-by-default.sh: info: IPv6 listen already enabled","container_id":"8d885da13120dbff3dacd6b66d1663004fc259d97f2796f1cf16075a43878d7c"}
2022-06-13T04:50:23+00:00	nginx.hello0	{"container_name":"/mfk-stack-ver0.0.1-nginx_d","source":"stdout","log":"/docker-entrypoint.sh: Launching /docker-entrypoint.d/20-envsubst-on-templates.sh","container_id":"8d885da13120dbff3dacd6b66d1663004fc259d97f2796f1cf16075a43878d7c"}
2022-06-13T04:50:23+00:00	nginx.hello0	{"container_id":"8d885da13120dbff3dacd6b66d1663004fc259d97f2796f1cf16075a43878d7c","container_name":"/mfk-stack-ver0.0.1-nginx_d","source":"stdout","log":"/docker-entrypoint.sh: Launching /docker-entrypoint.d/30-tune-worker-processes.sh"}
2022-06-13T04:50:23+00:00	nginx.hello0	{"container_id":"8d885da13120dbff3dacd6b66d1663004fc259d97f2796f1cf16075a43878d7c","container_name":"/mfk-stack-ver0.0.1-nginx_d","source":"stdout","log":"/docker-entrypoint.sh: Configuration complete; ready for start up"}
2022-06-13T04:50:23+00:00	nginx.hello0	{"container_name":"/mfk-stack-ver0.0.1-nginx_d","source":"stderr","log":"2022/06/13 04:50:23 [notice] 1#1: using the \"epoll\" event method","container_id":"8d885da13120dbff3dacd6b66d1663004fc259d97f2796f1cf16075a43878d7c"}
2022-06-13T04:50:23+00:00	nginx.hello0	{"container_id":"8d885da13120dbff3dacd6b66d1663004fc259d97f2796f1cf16075a43878d7c","container_name":"/mfk-stack-ver0.0.1-nginx_d","source":"stderr","log":"2022/06/13 04:50:23 [notice] 1#1: nginx/1.21.6"}
2022-06-13T04:50:23+00:00	nginx.hello0	{"container_name":"/mfk-stack-ver0.0.1-nginx_d","source":"stderr","log":"2022/06/13 04:50:23 [notice] 1#1: built by gcc 10.2.1 20210110 (Debian 10.2.1-6) ","container_id":"8d885da13120dbff3dacd6b66d1663004fc259d97f2796f1cf16075a43878d7c"}
2022-06-13T04:50:23+00:00	nginx.hello0	{"container_id":"8d885da13120dbff3dacd6b66d1663004fc259d97f2796f1cf16075a43878d7c","container_name":"/mfk-stack-ver0.0.1-nginx_d","source":"stderr","log":"2022/06/13 04:50:23 [notice] 1#1: OS: Linux 5.10.104-linuxkit"}
2022-06-13T04:50:23+00:00	nginx.hello0	{"source":"stderr","log":"2022/06/13 04:50:23 [notice] 1#1: getrlimit(RLIMIT_NOFILE): 1048576:1048576","container_id":"8d885da13120dbff3dacd6b66d1663004fc259d97f2796f1cf16075a43878d7c","container_name":"/mfk-stack-ver0.0.1-nginx_d"}
2022-06-13T04:50:23+00:00	nginx.hello0	{"source":"stderr","log":"2022/06/13 04:50:23 [notice] 1#1: start worker processes","container_id":"8d885da13120dbff3dacd6b66d1663004fc259d97f2796f1cf16075a43878d7c","container_name":"/mfk-stack-ver0.0.1-nginx_d"}
2022-06-13T04:50:23+00:00	nginx.hello0	{"log":"2022/06/13 04:50:23 [notice] 1#1: start worker process 24","container_id":"8d885da13120dbff3dacd6b66d1663004fc259d97f2796f1cf16075a43878d7c","container_name":"/mfk-stack-ver0.0.1-nginx_d","source":"stderr"}
2022-06-13T04:50:23+00:00	nginx.hello0	{"log":"2022/06/13 04:50:23 [notice] 1#1: start worker process 25","container_id":"8d885da13120dbff3dacd6b66d1663004fc259d97f2796f1cf16075a43878d7c","container_name":"/mfk-stack-ver0.0.1-nginx_d","source":"stderr"}
2022-06-13T04:50:23+00:00	nginx.hello0	{"container_id":"8d885da13120dbff3dacd6b66d1663004fc259d97f2796f1cf16075a43878d7c","container_name":"/mfk-stack-ver0.0.1-nginx_d","source":"stderr","log":"2022/06/13 04:50:23 [notice] 1#1: start worker process 26"}
2022-06-13T04:50:23+00:00	nginx.hello0	{"source":"stderr","log":"2022/06/13 04:50:23 [notice] 1#1: start worker process 27","container_id":"8d885da13120dbff3dacd6b66d1663004fc259d97f2796f1cf16075a43878d7c","container_name":"/mfk-stack-ver0.0.1-nginx_d"}
2022-06-13T04:51:42+00:00	fluent.info	{"worker":0,"message":"fluentd worker is now running worker=0"}
2022-06-13T04:51:40+00:00	nginx.hello0	{"source":"stdout","log":"/docker-entrypoint.sh: /docker-entrypoint.d/ is not empty, will attempt to perform configuration","container_id":"8d885da13120dbff3dacd6b66d1663004fc259d97f2796f1cf16075a43878d7c","container_name":"/mfk-stack-ver0.0.1-nginx_d"}
2022-06-13T04:51:40+00:00	nginx.hello0	{"container_id":"8d885da13120dbff3dacd6b66d1663004fc259d97f2796f1cf16075a43878d7c","container_name":"/mfk-stack-ver0.0.1-nginx_d","source":"stdout","log":"/docker-entrypoint.sh: Looking for shell scripts in /docker-entrypoint.d/"}
2022-06-13T04:51:40+00:00	nginx.hello0	{"container_name":"/mfk-stack-ver0.0.1-nginx_d","source":"stdout","log":"/docker-entrypoint.sh: Launching /docker-entrypoint.d/10-listen-on-ipv6-by-default.sh","container_id":"8d885da13120dbff3dacd6b66d1663004fc259d97f2796f1cf16075a43878d7c"}
2022-06-13T04:51:41+00:00	nginx.hello0	{"container_id":"8d885da13120dbff3dacd6b66d1663004fc259d97f2796f1cf16075a43878d7c","container_name":"/mfk-stack-ver0.0.1-nginx_d","source":"stdout","log":"10-listen-on-ipv6-by-default.sh: info: IPv6 listen already enabled"}
2022-06-13T04:51:41+00:00	nginx.hello0	{"container_name":"/mfk-stack-ver0.0.1-nginx_d","source":"stdout","log":"/docker-entrypoint.sh: Launching /docker-entrypoint.d/20-envsubst-on-templates.sh","container_id":"8d885da13120dbff3dacd6b66d1663004fc259d97f2796f1cf16075a43878d7c"}
2022-06-13T04:51:41+00:00	nginx.hello0	{"container_id":"8d885da13120dbff3dacd6b66d1663004fc259d97f2796f1cf16075a43878d7c","container_name":"/mfk-stack-ver0.0.1-nginx_d","source":"stdout","log":"/docker-entrypoint.sh: Launching /docker-entrypoint.d/30-tune-worker-processes.sh"}
2022-06-13T04:51:41+00:00	nginx.hello0	{"container_id":"8d885da13120dbff3dacd6b66d1663004fc259d97f2796f1cf16075a43878d7c","container_name":"/mfk-stack-ver0.0.1-nginx_d","source":"stdout","log":"/docker-entrypoint.sh: Configuration complete; ready for start up"}
2022-06-13T04:51:41+00:00	nginx.hello0	{"container_id":"8d885da13120dbff3dacd6b66d1663004fc259d97f2796f1cf16075a43878d7c","container_name":"/mfk-stack-ver0.0.1-nginx_d","source":"stderr","log":"2022/06/13 04:51:41 [notice] 1#1: using the \"epoll\" event method"}
2022-06-13T04:51:41+00:00	nginx.hello0	{"container_id":"8d885da13120dbff3dacd6b66d1663004fc259d97f2796f1cf16075a43878d7c","container_name":"/mfk-stack-ver0.0.1-nginx_d","source":"stderr","log":"2022/06/13 04:51:41 [notice] 1#1: nginx/1.21.6"}
2022-06-13T04:51:41+00:00	nginx.hello0	{"container_name":"/mfk-stack-ver0.0.1-nginx_d","source":"stderr","log":"2022/06/13 04:51:41 [notice] 1#1: built by gcc 10.2.1 20210110 (Debian 10.2.1-6) ","container_id":"8d885da13120dbff3dacd6b66d1663004fc259d97f2796f1cf16075a43878d7c"}
2022-06-13T04:51:41+00:00	nginx.hello0	{"container_id":"8d885da13120dbff3dacd6b66d1663004fc259d97f2796f1cf16075a43878d7c","container_name":"/mfk-stack-ver0.0.1-nginx_d","source":"stderr","log":"2022/06/13 04:51:41 [notice] 1#1: OS: Linux 5.10.104-linuxkit"}
2022-06-13T04:51:41+00:00	nginx.hello0	{"container_name":"/mfk-stack-ver0.0.1-nginx_d","source":"stderr","log":"2022/06/13 04:51:41 [notice] 1#1: getrlimit(RLIMIT_NOFILE): 1048576:1048576","container_id":"8d885da13120dbff3dacd6b66d1663004fc259d97f2796f1cf16075a43878d7c"}
2022-06-13T04:51:41+00:00	nginx.hello0	{"container_id":"8d885da13120dbff3dacd6b66d1663004fc259d97f2796f1cf16075a43878d7c","container_name":"/mfk-stack-ver0.0.1-nginx_d","source":"stderr","log":"2022/06/13 04:51:41 [notice] 1#1: start worker processes"}
2022-06-13T04:51:41+00:00	nginx.hello0	{"log":"2022/06/13 04:51:41 [notice] 1#1: start worker process 27","container_id":"8d885da13120dbff3dacd6b66d1663004fc259d97f2796f1cf16075a43878d7c","container_name":"/mfk-stack-ver0.0.1-nginx_d","source":"stderr"}
2022-06-13T04:51:41+00:00	nginx.hello0	{"log":"2022/06/13 04:51:41 [notice] 1#1: start worker process 28","container_id":"8d885da13120dbff3dacd6b66d1663004fc259d97f2796f1cf16075a43878d7c","container_name":"/mfk-stack-ver0.0.1-nginx_d","source":"stderr"}
2022-06-13T04:51:41+00:00	nginx.hello0	{"container_id":"8d885da13120dbff3dacd6b66d1663004fc259d97f2796f1cf16075a43878d7c","container_name":"/mfk-stack-ver0.0.1-nginx_d","source":"stderr","log":"2022/06/13 04:51:41 [notice] 1#1: start worker process 29"}
2022-06-13T04:51:41+00:00	nginx.hello0	{"container_id":"8d885da13120dbff3dacd6b66d1663004fc259d97f2796f1cf16075a43878d7c","container_name":"/mfk-stack-ver0.0.1-nginx_d","source":"stderr","log":"2022/06/13 04:51:41 [notice] 1#1: start worker process 30"}
2022-06-13T04:52:04+00:00	fluent.info	{"worker":0,"message":"fluentd worker is now running worker=0"}
2022-06-13T04:52:02+00:00	nginx.hello0	{"container_id":"8d885da13120dbff3dacd6b66d1663004fc259d97f2796f1cf16075a43878d7c","container_name":"/mfk-stack-ver0.0.1-nginx_d","source":"stdout","log":"/docker-entrypoint.sh: /docker-entrypoint.d/ is not empty, will attempt to perform configuration"}
2022-06-13T04:52:02+00:00	nginx.hello0	{"container_name":"/mfk-stack-ver0.0.1-nginx_d","source":"stdout","log":"/docker-entrypoint.sh: Looking for shell scripts in /docker-entrypoint.d/","container_id":"8d885da13120dbff3dacd6b66d1663004fc259d97f2796f1cf16075a43878d7c"}
2022-06-13T04:52:02+00:00	nginx.hello0	{"source":"stdout","log":"/docker-entrypoint.sh: Launching /docker-entrypoint.d/10-listen-on-ipv6-by-default.sh","container_id":"8d885da13120dbff3dacd6b66d1663004fc259d97f2796f1cf16075a43878d7c","container_name":"/mfk-stack-ver0.0.1-nginx_d"}
2022-06-13T04:52:02+00:00	nginx.hello0	{"log":"10-listen-on-ipv6-by-default.sh: info: IPv6 listen already enabled","container_id":"8d885da13120dbff3dacd6b66d1663004fc259d97f2796f1cf16075a43878d7c","container_name":"/mfk-stack-ver0.0.1-nginx_d","source":"stdout"}
2022-06-13T04:52:02+00:00	nginx.hello0	{"source":"stdout","log":"/docker-entrypoint.sh: Launching /docker-entrypoint.d/20-envsubst-on-templates.sh","container_id":"8d885da13120dbff3dacd6b66d1663004fc259d97f2796f1cf16075a43878d7c","container_name":"/mfk-stack-ver0.0.1-nginx_d"}
2022-06-13T04:52:02+00:00	nginx.hello0	{"container_id":"8d885da13120dbff3dacd6b66d1663004fc259d97f2796f1cf16075a43878d7c","container_name":"/mfk-stack-ver0.0.1-nginx_d","source":"stdout","log":"/docker-entrypoint.sh: Launching /docker-entrypoint.d/30-tune-worker-processes.sh"}
2022-06-13T04:52:02+00:00	nginx.hello0	{"container_id":"8d885da13120dbff3dacd6b66d1663004fc259d97f2796f1cf16075a43878d7c","container_name":"/mfk-stack-ver0.0.1-nginx_d","source":"stdout","log":"/docker-entrypoint.sh: Configuration complete; ready for start up"}
2022-06-13T04:52:02+00:00	nginx.hello0	{"log":"2022/06/13 04:52:02 [notice] 1#1: using the \"epoll\" event method","container_id":"8d885da13120dbff3dacd6b66d1663004fc259d97f2796f1cf16075a43878d7c","container_name":"/mfk-stack-ver0.0.1-nginx_d","source":"stderr"}
2022-06-13T04:52:02+00:00	nginx.hello0	{"container_id":"8d885da13120dbff3dacd6b66d1663004fc259d97f2796f1cf16075a43878d7c","container_name":"/mfk-stack-ver0.0.1-nginx_d","source":"stderr","log":"2022/06/13 04:52:02 [notice] 1#1: nginx/1.21.6"}
2022-06-13T04:52:02+00:00	nginx.hello0	{"source":"stderr","log":"2022/06/13 04:52:02 [notice] 1#1: built by gcc 10.2.1 20210110 (Debian 10.2.1-6) ","container_id":"8d885da13120dbff3dacd6b66d1663004fc259d97f2796f1cf16075a43878d7c","container_name":"/mfk-stack-ver0.0.1-nginx_d"}
2022-06-13T04:52:02+00:00	nginx.hello0	{"container_name":"/mfk-stack-ver0.0.1-nginx_d","source":"stderr","log":"2022/06/13 04:52:02 [notice] 1#1: OS: Linux 5.10.104-linuxkit","container_id":"8d885da13120dbff3dacd6b66d1663004fc259d97f2796f1cf16075a43878d7c"}
2022-06-13T04:52:02+00:00	nginx.hello0	{"container_id":"8d885da13120dbff3dacd6b66d1663004fc259d97f2796f1cf16075a43878d7c","container_name":"/mfk-stack-ver0.0.1-nginx_d","source":"stderr","log":"2022/06/13 04:52:02 [notice] 1#1: getrlimit(RLIMIT_NOFILE): 1048576:1048576"}
2022-06-13T04:52:02+00:00	nginx.hello0	{"container_name":"/mfk-stack-ver0.0.1-nginx_d","source":"stderr","log":"2022/06/13 04:52:02 [notice] 1#1: start worker processes","container_id":"8d885da13120dbff3dacd6b66d1663004fc259d97f2796f1cf16075a43878d7c"}
2022-06-13T04:52:02+00:00	nginx.hello0	{"container_id":"8d885da13120dbff3dacd6b66d1663004fc259d97f2796f1cf16075a43878d7c","container_name":"/mfk-stack-ver0.0.1-nginx_d","source":"stderr","log":"2022/06/13 04:52:02 [notice] 1#1: start worker process 24"}
2022-06-13T04:52:02+00:00	nginx.hello0	{"source":"stderr","log":"2022/06/13 04:52:02 [notice] 1#1: start worker process 25","container_id":"8d885da13120dbff3dacd6b66d1663004fc259d97f2796f1cf16075a43878d7c","container_name":"/mfk-stack-ver0.0.1-nginx_d"}
2022-06-13T04:52:02+00:00	nginx.hello0	{"log":"2022/06/13 04:52:02 [notice] 1#1: start worker process 26","container_id":"8d885da13120dbff3dacd6b66d1663004fc259d97f2796f1cf16075a43878d7c","container_name":"/mfk-stack-ver0.0.1-nginx_d","source":"stderr"}
2022-06-13T04:52:02+00:00	nginx.hello0	{"container_id":"8d885da13120dbff3dacd6b66d1663004fc259d97f2796f1cf16075a43878d7c","container_name":"/mfk-stack-ver0.0.1-nginx_d","source":"stderr","log":"2022/06/13 04:52:02 [notice] 1#1: start worker process 27"}
2022-06-13T04:54:02+00:00	nginx.hello0	{"container_id":"8d885da13120dbff3dacd6b66d1663004fc259d97f2796f1cf16075a43878d7c","container_name":"/mfk-stack-ver0.0.1-nginx_d","source":"stdout","log":"13.254.249.1 - - [13/Jun/2022:04:54:02 +0000] \"GET / HTTP/1.1\" 304 0 \"-\" \"Mozilla/5.0 (Macintosh; Intel Mac OS X 10_15_7) AppleWebKit/537.36 (KHTML, like Gecko) Chrome/102.0.5005.61 Safari/537.36\" \"-\""}
2022-06-13T04:54:02+00:00	nginx.hello0	{"log":"13.254.249.1 - - [13/Jun/2022:04:54:02 +0000] \"GET / HTTP/1.1\" 304 0 \"-\" \"Mozilla/5.0 (Macintosh; Intel Mac OS X 10_15_7) AppleWebKit/537.36 (KHTML, like Gecko) Chrome/102.0.5005.61 Safari/537.36\" \"-\"","container_id":"8d885da13120dbff3dacd6b66d1663004fc259d97f2796f1cf16075a43878d7c","container_name":"/mfk-stack-ver0.0.1-nginx_d","source":"stdout"}
2022-06-13T04:54:03+00:00	nginx.hello0	{"source":"stdout","log":"13.254.249.1 - - [13/Jun/2022:04:54:03 +0000] \"GET / HTTP/1.1\" 304 0 \"-\" \"Mozilla/5.0 (Macintosh; Intel Mac OS X 10_15_7) AppleWebKit/537.36 (KHTML, like Gecko) Chrome/102.0.5005.61 Safari/537.36\" \"-\"","container_id":"8d885da13120dbff3dacd6b66d1663004fc259d97f2796f1cf16075a43878d7c","container_name":"/mfk-stack-ver0.0.1-nginx_d"}
2022-06-13T04:54:03+00:00	nginx.hello0	{"container_name":"/mfk-stack-ver0.0.1-nginx_d","source":"stdout","log":"13.254.249.1 - - [13/Jun/2022:04:54:03 +0000] \"GET / HTTP/1.1\" 304 0 \"-\" \"Mozilla/5.0 (Macintosh; Intel Mac OS X 10_15_7) AppleWebKit/537.36 (KHTML, like Gecko) Chrome/102.0.5005.61 Safari/537.36\" \"-\"","container_id":"8d885da13120dbff3dacd6b66d1663004fc259d97f2796f1cf16075a43878d7c"}
2022-06-13T04:54:03+00:00	nginx.hello0	{"log":"13.254.249.1 - - [13/Jun/2022:04:54:03 +0000] \"GET / HTTP/1.1\" 304 0 \"-\" \"Mozilla/5.0 (Macintosh; Intel Mac OS X 10_15_7) AppleWebKit/537.36 (KHTML, like Gecko) Chrome/102.0.5005.61 Safari/537.36\" \"-\"","container_id":"8d885da13120dbff3dacd6b66d1663004fc259d97f2796f1cf16075a43878d7c","container_name":"/mfk-stack-ver0.0.1-nginx_d","source":"stdout"}
2022-06-13T04:54:03+00:00	nginx.hello0	{"container_name":"/mfk-stack-ver0.0.1-nginx_d","source":"stdout","log":"13.254.249.1 - - [13/Jun/2022:04:54:03 +0000] \"GET / HTTP/1.1\" 304 0 \"-\" \"Mozilla/5.0 (Macintosh; Intel Mac OS X 10_15_7) AppleWebKit/537.36 (KHTML, like Gecko) Chrome/102.0.5005.61 Safari/537.36\" \"-\"","container_id":"8d885da13120dbff3dacd6b66d1663004fc259d97f2796f1cf16075a43878d7c"}
2022-06-13T04:54:03+00:00	nginx.hello0	{"source":"stdout","log":"13.254.249.1 - - [13/Jun/2022:04:54:03 +0000] \"GET / HTTP/1.1\" 304 0 \"-\" \"Mozilla/5.0 (Macintosh; Intel Mac OS X 10_15_7) AppleWebKit/537.36 (KHTML, like Gecko) Chrome/102.0.5005.61 Safari/537.36\" \"-\"","container_id":"8d885da13120dbff3dacd6b66d1663004fc259d97f2796f1cf16075a43878d7c","container_name":"/mfk-stack-ver0.0.1-nginx_d"}
2022-06-13T04:54:03+00:00	nginx.hello0	{"container_id":"8d885da13120dbff3dacd6b66d1663004fc259d97f2796f1cf16075a43878d7c","container_name":"/mfk-stack-ver0.0.1-nginx_d","source":"stdout","log":"13.254.249.1 - - [13/Jun/2022:04:54:03 +0000] \"GET / HTTP/1.1\" 304 0 \"-\" \"Mozilla/5.0 (Macintosh; Intel Mac OS X 10_15_7) AppleWebKit/537.36 (KHTML, like Gecko) Chrome/102.0.5005.61 Safari/537.36\" \"-\""}
2022-06-13T04:54:04+00:00	nginx.hello0	{"container_id":"8d885da13120dbff3dacd6b66d1663004fc259d97f2796f1cf16075a43878d7c","container_name":"/mfk-stack-ver0.0.1-nginx_d","source":"stdout","log":"13.254.249.1 - - [13/Jun/2022:04:54:04 +0000] \"GET / HTTP/1.1\" 304 0 \"-\" \"Mozilla/5.0 (Macintosh; Intel Mac OS X 10_15_7) AppleWebKit/537.36 (KHTML, like Gecko) Chrome/102.0.5005.61 Safari/537.36\" \"-\""}
2022-06-13T04:54:04+00:00	nginx.hello0	{"source":"stdout","log":"13.254.249.1 - - [13/Jun/2022:04:54:04 +0000] \"GET / HTTP/1.1\" 304 0 \"-\" \"Mozilla/5.0 (Macintosh; Intel Mac OS X 10_15_7) AppleWebKit/537.36 (KHTML, like Gecko) Chrome/102.0.5005.61 Safari/537.36\" \"-\"","container_id":"8d885da13120dbff3dacd6b66d1663004fc259d97f2796f1cf16075a43878d7c","container_name":"/mfk-stack-ver0.0.1-nginx_d"}
2022-06-13T04:57:05+00:00	nginx.hello0	{"log":"2022/06/13 04:57:05 [notice] 1#1: signal 3 (SIGQUIT) received, shutting down","container_id":"8d885da13120dbff3dacd6b66d1663004fc259d97f2796f1cf16075a43878d7c","container_name":"/mfk-stack-ver0.0.1-nginx_d","source":"stderr"}
2022-06-13T04:57:05+00:00	nginx.hello0	{"container_name":"/mfk-stack-ver0.0.1-nginx_d","source":"stderr","log":"2022/06/13 04:57:05 [notice] 24#24: gracefully shutting down","container_id":"8d885da13120dbff3dacd6b66d1663004fc259d97f2796f1cf16075a43878d7c"}
2022-06-13T04:57:05+00:00	nginx.hello0	{"container_id":"8d885da13120dbff3dacd6b66d1663004fc259d97f2796f1cf16075a43878d7c","container_name":"/mfk-stack-ver0.0.1-nginx_d","source":"stderr","log":"2022/06/13 04:57:05 [notice] 24#24: exiting"}
2022-06-13T04:57:05+00:00	nginx.hello0	{"source":"stderr","log":"2022/06/13 04:57:05 [notice] 24#24: exit","container_id":"8d885da13120dbff3dacd6b66d1663004fc259d97f2796f1cf16075a43878d7c","container_name":"/mfk-stack-ver0.0.1-nginx_d"}
2022-06-13T04:57:05+00:00	nginx.hello0	{"container_id":"8d885da13120dbff3dacd6b66d1663004fc259d97f2796f1cf16075a43878d7c","container_name":"/mfk-stack-ver0.0.1-nginx_d","source":"stderr","log":"2022/06/13 04:57:05 [notice] 27#27: gracefully shutting down"}
2022-06-13T04:57:05+00:00	nginx.hello0	{"container_name":"/mfk-stack-ver0.0.1-nginx_d","source":"stderr","log":"2022/06/13 04:57:05 [notice] 27#27: exiting","container_id":"8d885da13120dbff3dacd6b66d1663004fc259d97f2796f1cf16075a43878d7c"}
2022-06-13T04:57:05+00:00	nginx.hello0	{"container_id":"8d885da13120dbff3dacd6b66d1663004fc259d97f2796f1cf16075a43878d7c","container_name":"/mfk-stack-ver0.0.1-nginx_d","source":"stderr","log":"2022/06/13 04:57:05 [notice] 27#27: exit"}
2022-06-13T04:57:05+00:00	nginx.hello0	{"container_id":"8d885da13120dbff3dacd6b66d1663004fc259d97f2796f1cf16075a43878d7c","container_name":"/mfk-stack-ver0.0.1-nginx_d","source":"stderr","log":"2022/06/13 04:57:05 [notice] 26#26: gracefully shutting down"}
2022-06-13T04:57:05+00:00	nginx.hello0	{"container_name":"/mfk-stack-ver0.0.1-nginx_d","source":"stderr","log":"2022/06/13 04:57:05 [notice] 25#25: gracefully shutting down","container_id":"8d885da13120dbff3dacd6b66d1663004fc259d97f2796f1cf16075a43878d7c"}
2022-06-13T04:57:05+00:00	nginx.hello0	{"container_id":"8d885da13120dbff3dacd6b66d1663004fc259d97f2796f1cf16075a43878d7c","container_name":"/mfk-stack-ver0.0.1-nginx_d","source":"stderr","log":"2022/06/13 04:57:05 [notice] 25#25: exiting"}
2022-06-13T04:57:05+00:00	nginx.hello0	{"container_id":"8d885da13120dbff3dacd6b66d1663004fc259d97f2796f1cf16075a43878d7c","container_name":"/mfk-stack-ver0.0.1-nginx_d","source":"stderr","log":"2022/06/13 04:57:05 [notice] 25#25: exit"}
2022-06-13T04:57:05+00:00	nginx.hello0	{"container_name":"/mfk-stack-ver0.0.1-nginx_d","source":"stderr","log":"2022/06/13 04:57:05 [notice] 26#26: exiting","container_id":"8d885da13120dbff3dacd6b66d1663004fc259d97f2796f1cf16075a43878d7c"}
2022-06-13T04:57:05+00:00	nginx.hello0	{"container_name":"/mfk-stack-ver0.0.1-nginx_d","source":"stderr","log":"2022/06/13 04:57:05 [notice] 26#26: exit","container_id":"8d885da13120dbff3dacd6b66d1663004fc259d97f2796f1cf16075a43878d7c"}
2022-06-13T04:57:05+00:00	nginx.hello0	{"container_id":"8d885da13120dbff3dacd6b66d1663004fc259d97f2796f1cf16075a43878d7c","container_name":"/mfk-stack-ver0.0.1-nginx_d","source":"stderr","log":"2022/06/13 04:57:05 [notice] 1#1: signal 17 (SIGCHLD) received from 27"}
2022-06-13T04:57:05+00:00	nginx.hello0	{"container_id":"8d885da13120dbff3dacd6b66d1663004fc259d97f2796f1cf16075a43878d7c","container_name":"/mfk-stack-ver0.0.1-nginx_d","source":"stderr","log":"2022/06/13 04:57:05 [notice] 1#1: worker process 27 exited with code 0"}
2022-06-13T04:57:05+00:00	nginx.hello0	{"log":"2022/06/13 04:57:05 [notice] 1#1: signal 29 (SIGIO) received","container_id":"8d885da13120dbff3dacd6b66d1663004fc259d97f2796f1cf16075a43878d7c","container_name":"/mfk-stack-ver0.0.1-nginx_d","source":"stderr"}
2022-06-13T04:57:05+00:00	nginx.hello0	{"container_name":"/mfk-stack-ver0.0.1-nginx_d","source":"stderr","log":"2022/06/13 04:57:05 [notice] 1#1: signal 17 (SIGCHLD) received from 24","container_id":"8d885da13120dbff3dacd6b66d1663004fc259d97f2796f1cf16075a43878d7c"}
2022-06-13T04:57:05+00:00	nginx.hello0	{"container_id":"8d885da13120dbff3dacd6b66d1663004fc259d97f2796f1cf16075a43878d7c","container_name":"/mfk-stack-ver0.0.1-nginx_d","source":"stderr","log":"2022/06/13 04:57:05 [notice] 1#1: worker process 24 exited with code 0"}
2022-06-13T04:57:05+00:00	nginx.hello0	{"container_id":"8d885da13120dbff3dacd6b66d1663004fc259d97f2796f1cf16075a43878d7c","container_name":"/mfk-stack-ver0.0.1-nginx_d","source":"stderr","log":"2022/06/13 04:57:05 [notice] 1#1: signal 29 (SIGIO) received"}
2022-06-13T04:57:05+00:00	nginx.hello0	{"source":"stderr","log":"2022/06/13 04:57:05 [notice] 1#1: signal 17 (SIGCHLD) received from 25","container_id":"8d885da13120dbff3dacd6b66d1663004fc259d97f2796f1cf16075a43878d7c","container_name":"/mfk-stack-ver0.0.1-nginx_d"}
2022-06-13T04:57:05+00:00	nginx.hello0	{"source":"stderr","log":"2022/06/13 04:57:05 [notice] 1#1: worker process 25 exited with code 0","container_id":"8d885da13120dbff3dacd6b66d1663004fc259d97f2796f1cf16075a43878d7c","container_name":"/mfk-stack-ver0.0.1-nginx_d"}
2022-06-13T04:57:05+00:00	nginx.hello0	{"container_id":"8d885da13120dbff3dacd6b66d1663004fc259d97f2796f1cf16075a43878d7c","container_name":"/mfk-stack-ver0.0.1-nginx_d","source":"stderr","log":"2022/06/13 04:57:05 [notice] 1#1: signal 29 (SIGIO) received"}
2022-06-13T04:57:05+00:00	nginx.hello0	{"source":"stderr","log":"2022/06/13 04:57:05 [notice] 1#1: signal 17 (SIGCHLD) received from 26","container_id":"8d885da13120dbff3dacd6b66d1663004fc259d97f2796f1cf16075a43878d7c","container_name":"/mfk-stack-ver0.0.1-nginx_d"}
2022-06-13T04:57:05+00:00	nginx.hello0	{"source":"stderr","log":"2022/06/13 04:57:05 [notice] 1#1: worker process 26 exited with code 0","container_id":"8d885da13120dbff3dacd6b66d1663004fc259d97f2796f1cf16075a43878d7c","container_name":"/mfk-stack-ver0.0.1-nginx_d"}
2022-06-13T04:57:05+00:00	nginx.hello0	{"log":"2022/06/13 04:57:05 [notice] 1#1: exit","container_id":"8d885da13120dbff3dacd6b66d1663004fc259d97f2796f1cf16075a43878d7c","container_name":"/mfk-stack-ver0.0.1-nginx_d","source":"stderr"}
2022-06-13T04:57:06+00:00	fluent.info	{"worker":0,"message":"fluentd worker is now stopping worker=0"}
2022-06-13T04:57:35+00:00	fluent.info	{"worker":0,"message":"fluentd worker is now running worker=0"}
2022-06-13T04:57:33+00:00	nginx.hello0	{"log":"/docker-entrypoint.sh: /docker-entrypoint.d/ is not empty, will attempt to perform configuration","container_id":"bce9b52ef74cb05724b87372f495976b9b22f1e3d999ca5674e320ea3633b3b5","container_name":"/mfk-stack-ver0.0.1-nginx_d","source":"stdout"}
2022-06-13T04:57:33+00:00	nginx.hello0	{"source":"stdout","log":"/docker-entrypoint.sh: Looking for shell scripts in /docker-entrypoint.d/","container_id":"bce9b52ef74cb05724b87372f495976b9b22f1e3d999ca5674e320ea3633b3b5","container_name":"/mfk-stack-ver0.0.1-nginx_d"}
2022-06-13T04:57:33+00:00	nginx.hello0	{"container_id":"bce9b52ef74cb05724b87372f495976b9b22f1e3d999ca5674e320ea3633b3b5","container_name":"/mfk-stack-ver0.0.1-nginx_d","source":"stdout","log":"/docker-entrypoint.sh: Launching /docker-entrypoint.d/10-listen-on-ipv6-by-default.sh"}
2022-06-13T04:57:33+00:00	nginx.hello0	{"source":"stdout","log":"10-listen-on-ipv6-by-default.sh: info: Getting the checksum of /etc/nginx/conf.d/default.conf","container_id":"bce9b52ef74cb05724b87372f495976b9b22f1e3d999ca5674e320ea3633b3b5","container_name":"/mfk-stack-ver0.0.1-nginx_d"}
2022-06-13T04:57:33+00:00	nginx.hello0	{"container_id":"bce9b52ef74cb05724b87372f495976b9b22f1e3d999ca5674e320ea3633b3b5","container_name":"/mfk-stack-ver0.0.1-nginx_d","source":"stdout","log":"10-listen-on-ipv6-by-default.sh: info: Enabled listen on IPv6 in /etc/nginx/conf.d/default.conf"}
2022-06-13T04:57:33+00:00	nginx.hello0	{"container_id":"bce9b52ef74cb05724b87372f495976b9b22f1e3d999ca5674e320ea3633b3b5","container_name":"/mfk-stack-ver0.0.1-nginx_d","source":"stdout","log":"/docker-entrypoint.sh: Launching /docker-entrypoint.d/20-envsubst-on-templates.sh"}
2022-06-13T04:57:33+00:00	nginx.hello0	{"container_name":"/mfk-stack-ver0.0.1-nginx_d","source":"stdout","log":"/docker-entrypoint.sh: Launching /docker-entrypoint.d/30-tune-worker-processes.sh","container_id":"bce9b52ef74cb05724b87372f495976b9b22f1e3d999ca5674e320ea3633b3b5"}
2022-06-13T04:57:33+00:00	nginx.hello0	{"log":"/docker-entrypoint.sh: Configuration complete; ready for start up","container_id":"bce9b52ef74cb05724b87372f495976b9b22f1e3d999ca5674e320ea3633b3b5","container_name":"/mfk-stack-ver0.0.1-nginx_d","source":"stdout"}
2022-06-13T04:57:33+00:00	nginx.hello0	{"source":"stderr","log":"2022/06/13 04:57:33 [notice] 1#1: using the \"epoll\" event method","container_id":"bce9b52ef74cb05724b87372f495976b9b22f1e3d999ca5674e320ea3633b3b5","container_name":"/mfk-stack-ver0.0.1-nginx_d"}
2022-06-13T04:57:33+00:00	nginx.hello0	{"container_id":"bce9b52ef74cb05724b87372f495976b9b22f1e3d999ca5674e320ea3633b3b5","container_name":"/mfk-stack-ver0.0.1-nginx_d","source":"stderr","log":"2022/06/13 04:57:33 [notice] 1#1: nginx/1.21.6"}
2022-06-13T04:57:33+00:00	nginx.hello0	{"container_name":"/mfk-stack-ver0.0.1-nginx_d","source":"stderr","log":"2022/06/13 04:57:33 [notice] 1#1: built by gcc 10.2.1 20210110 (Debian 10.2.1-6) ","container_id":"bce9b52ef74cb05724b87372f495976b9b22f1e3d999ca5674e320ea3633b3b5"}
2022-06-13T04:57:33+00:00	nginx.hello0	{"container_id":"bce9b52ef74cb05724b87372f495976b9b22f1e3d999ca5674e320ea3633b3b5","container_name":"/mfk-stack-ver0.0.1-nginx_d","source":"stderr","log":"2022/06/13 04:57:33 [notice] 1#1: OS: Linux 5.10.104-linuxkit"}
2022-06-13T04:57:33+00:00	nginx.hello0	{"container_id":"bce9b52ef74cb05724b87372f495976b9b22f1e3d999ca5674e320ea3633b3b5","container_name":"/mfk-stack-ver0.0.1-nginx_d","source":"stderr","log":"2022/06/13 04:57:33 [notice] 1#1: getrlimit(RLIMIT_NOFILE): 1048576:1048576"}
2022-06-13T04:57:33+00:00	nginx.hello0	{"container_name":"/mfk-stack-ver0.0.1-nginx_d","source":"stderr","log":"2022/06/13 04:57:33 [notice] 1#1: start worker processes","container_id":"bce9b52ef74cb05724b87372f495976b9b22f1e3d999ca5674e320ea3633b3b5"}
2022-06-13T04:57:33+00:00	nginx.hello0	{"log":"2022/06/13 04:57:33 [notice] 1#1: start worker process 33","container_id":"bce9b52ef74cb05724b87372f495976b9b22f1e3d999ca5674e320ea3633b3b5","container_name":"/mfk-stack-ver0.0.1-nginx_d","source":"stderr"}
2022-06-13T04:57:33+00:00	nginx.hello0	{"container_name":"/mfk-stack-ver0.0.1-nginx_d","source":"stderr","log":"2022/06/13 04:57:33 [notice] 1#1: start worker process 34","container_id":"bce9b52ef74cb05724b87372f495976b9b22f1e3d999ca5674e320ea3633b3b5"}
2022-06-13T04:57:33+00:00	nginx.hello0	{"container_id":"bce9b52ef74cb05724b87372f495976b9b22f1e3d999ca5674e320ea3633b3b5","container_name":"/mfk-stack-ver0.0.1-nginx_d","source":"stderr","log":"2022/06/13 04:57:33 [notice] 1#1: start worker process 35"}
2022-06-13T04:57:33+00:00	nginx.hello0	{"container_id":"bce9b52ef74cb05724b87372f495976b9b22f1e3d999ca5674e320ea3633b3b5","container_name":"/mfk-stack-ver0.0.1-nginx_d","source":"stderr","log":"2022/06/13 04:57:33 [notice] 1#1: start worker process 36"}
2022-06-13T05:01:04+00:00	nginx.hello0	{"log":"2022/06/13 05:01:04 [notice] 1#1: signal 3 (SIGQUIT) received, shutting down","container_id":"bce9b52ef74cb05724b87372f495976b9b22f1e3d999ca5674e320ea3633b3b5","container_name":"/mfk-stack-ver0.0.1-nginx_d","source":"stderr"}
2022-06-13T05:01:04+00:00	nginx.hello0	{"container_id":"bce9b52ef74cb05724b87372f495976b9b22f1e3d999ca5674e320ea3633b3b5","container_name":"/mfk-stack-ver0.0.1-nginx_d","source":"stderr","log":"2022/06/13 05:01:04 [notice] 36#36: gracefully shutting down"}
2022-06-13T05:01:04+00:00	nginx.hello0	{"container_id":"bce9b52ef74cb05724b87372f495976b9b22f1e3d999ca5674e320ea3633b3b5","container_name":"/mfk-stack-ver0.0.1-nginx_d","source":"stderr","log":"2022/06/13 05:01:04 [notice] 36#36: exiting"}
2022-06-13T05:01:04+00:00	nginx.hello0	{"container_name":"/mfk-stack-ver0.0.1-nginx_d","source":"stderr","log":"2022/06/13 05:01:04 [notice] 36#36: exit","container_id":"bce9b52ef74cb05724b87372f495976b9b22f1e3d999ca5674e320ea3633b3b5"}
2022-06-13T05:01:04+00:00	nginx.hello0	{"container_id":"bce9b52ef74cb05724b87372f495976b9b22f1e3d999ca5674e320ea3633b3b5","container_name":"/mfk-stack-ver0.0.1-nginx_d","source":"stderr","log":"2022/06/13 05:01:04 [notice] 33#33: gracefully shutting down"}
2022-06-13T05:01:04+00:00	nginx.hello0	{"log":"2022/06/13 05:01:04 [notice] 34#34: gracefully shutting down","container_id":"bce9b52ef74cb05724b87372f495976b9b22f1e3d999ca5674e320ea3633b3b5","container_name":"/mfk-stack-ver0.0.1-nginx_d","source":"stderr"}
2022-06-13T05:01:04+00:00	nginx.hello0	{"log":"2022/06/13 05:01:04 [notice] 35#35: gracefully shutting down","container_id":"bce9b52ef74cb05724b87372f495976b9b22f1e3d999ca5674e320ea3633b3b5","container_name":"/mfk-stack-ver0.0.1-nginx_d","source":"stderr"}
2022-06-13T05:01:04+00:00	nginx.hello0	{"source":"stderr","log":"2022/06/13 05:01:04 [notice] 34#34: exiting","container_id":"bce9b52ef74cb05724b87372f495976b9b22f1e3d999ca5674e320ea3633b3b5","container_name":"/mfk-stack-ver0.0.1-nginx_d"}
2022-06-13T05:01:04+00:00	nginx.hello0	{"log":"2022/06/13 05:01:04 [notice] 33#33: exiting","container_id":"bce9b52ef74cb05724b87372f495976b9b22f1e3d999ca5674e320ea3633b3b5","container_name":"/mfk-stack-ver0.0.1-nginx_d","source":"stderr"}
2022-06-13T05:01:04+00:00	nginx.hello0	{"container_id":"bce9b52ef74cb05724b87372f495976b9b22f1e3d999ca5674e320ea3633b3b5","container_name":"/mfk-stack-ver0.0.1-nginx_d","source":"stderr","log":"2022/06/13 05:01:04 [notice] 35#35: exiting"}
2022-06-13T05:01:04+00:00	nginx.hello0	{"container_id":"bce9b52ef74cb05724b87372f495976b9b22f1e3d999ca5674e320ea3633b3b5","container_name":"/mfk-stack-ver0.0.1-nginx_d","source":"stderr","log":"2022/06/13 05:01:04 [notice] 34#34: exit"}
2022-06-13T05:01:04+00:00	nginx.hello0	{"container_id":"bce9b52ef74cb05724b87372f495976b9b22f1e3d999ca5674e320ea3633b3b5","container_name":"/mfk-stack-ver0.0.1-nginx_d","source":"stderr","log":"2022/06/13 05:01:04 [notice] 35#35: exit"}
2022-06-13T05:01:04+00:00	nginx.hello0	{"source":"stderr","log":"2022/06/13 05:01:04 [notice] 33#33: exit","container_id":"bce9b52ef74cb05724b87372f495976b9b22f1e3d999ca5674e320ea3633b3b5","container_name":"/mfk-stack-ver0.0.1-nginx_d"}
2022-06-13T05:01:04+00:00	nginx.hello0	{"source":"stderr","log":"2022/06/13 05:01:04 [notice] 1#1: signal 17 (SIGCHLD) received from 34","container_id":"bce9b52ef74cb05724b87372f495976b9b22f1e3d999ca5674e320ea3633b3b5","container_name":"/mfk-stack-ver0.0.1-nginx_d"}
2022-06-13T05:01:04+00:00	nginx.hello0	{"container_name":"/mfk-stack-ver0.0.1-nginx_d","source":"stderr","log":"2022/06/13 05:01:04 [notice] 1#1: worker process 33 exited with code 0","container_id":"bce9b52ef74cb05724b87372f495976b9b22f1e3d999ca5674e320ea3633b3b5"}
2022-06-13T05:01:04+00:00	nginx.hello0	{"container_id":"bce9b52ef74cb05724b87372f495976b9b22f1e3d999ca5674e320ea3633b3b5","container_name":"/mfk-stack-ver0.0.1-nginx_d","source":"stderr","log":"2022/06/13 05:01:04 [notice] 1#1: worker process 34 exited with code 0"}
2022-06-13T05:01:04+00:00	nginx.hello0	{"container_name":"/mfk-stack-ver0.0.1-nginx_d","source":"stderr","log":"2022/06/13 05:01:04 [notice] 1#1: worker process 35 exited with code 0","container_id":"bce9b52ef74cb05724b87372f495976b9b22f1e3d999ca5674e320ea3633b3b5"}
2022-06-13T05:01:04+00:00	nginx.hello0	{"container_name":"/mfk-stack-ver0.0.1-nginx_d","source":"stderr","log":"2022/06/13 05:01:04 [notice] 1#1: signal 17 (SIGCHLD) received from 33","container_id":"bce9b52ef74cb05724b87372f495976b9b22f1e3d999ca5674e320ea3633b3b5"}
2022-06-13T05:01:04+00:00	nginx.hello0	{"container_id":"bce9b52ef74cb05724b87372f495976b9b22f1e3d999ca5674e320ea3633b3b5","container_name":"/mfk-stack-ver0.0.1-nginx_d","source":"stderr","log":"2022/06/13 05:01:04 [notice] 1#1: signal 17 (SIGCHLD) received from 36"}
2022-06-13T05:01:04+00:00	nginx.hello0	{"container_name":"/mfk-stack-ver0.0.1-nginx_d","source":"stderr","log":"2022/06/13 05:01:04 [notice] 1#1: worker process 36 exited with code 0","container_id":"bce9b52ef74cb05724b87372f495976b9b22f1e3d999ca5674e320ea3633b3b5"}
2022-06-13T05:01:04+00:00	nginx.hello0	{"container_id":"bce9b52ef74cb05724b87372f495976b9b22f1e3d999ca5674e320ea3633b3b5","container_name":"/mfk-stack-ver0.0.1-nginx_d","source":"stderr","log":"2022/06/13 05:01:04 [notice] 1#1: exit"}
2022-06-13T05:01:05+00:00	fluent.info	{"worker":0,"message":"fluentd worker is now stopping worker=0"}
